2021-07-25 21:10:13.999  INFO 52044 --- [main] c.e.demo.SpringBootLogsApplication       : Starting SpringBootLogsApplication using Java 1.8.0_291 on AsthaVarshney with PID 52044 (C:\Users\asvarsh.FAREAST\Documents\Springboot-workspace\SpringBootLogs\target\classes started by asvarsh in C:\Users\asvarsh.FAREAST\Documents\Springboot-workspace\SpringBootLogs)
2021-07-25 21:10:14.002  INFO 52044 --- [main] c.e.demo.SpringBootLogsApplication       : No active profile set, falling back to default profiles: default
2021-07-25 21:10:14.510 DEBUG 52044 --- [main] o.a.catalina.core.AprLifecycleListener   : The Apache Tomcat Native library could not be found using names [tcnative-1, libtcnative-1] on the java.library.path [C:\Program Files\Java\jdk1.8.0_291\jre\bin;C:\WINDOWS\Sun\Java\bin;C:\WINDOWS\system32;C:\WINDOWS;C:\Program Files (x86)\Common Files\Oracle\Java\javapath;C:\Ruby26-x64\bin;C:\Program Files (x86)\Microsoft SDKs\Azure\CLI2\wbin;C:\Python39\Scripts\;C:\Python39\;C:\Program Files\Common Files\Microsoft Shared\Microsoft Online Services;C:\Program Files (x86)\Common Files\Microsoft Shared\Microsoft Online Services;C:\WINDOWS\system32;C:\WINDOWS;C:\WINDOWS\System32\Wbem;C:\WINDOWS\System32\WindowsPowerShell\v1.0\;C:\WINDOWS\System32\OpenSSH\;C:\Program Files\Microsoft\Web Platform Installer\;C:\Program Files\Microsoft SQL Server\130\Tools\Binn\;C:\Program Files\Microsoft SQL Server\Client SDK\ODBC\170\Tools\Binn\;C:\Program Files\nodejs\;C:\ProgramData\chocolatey\bin;C:\Program Files\Java\jdk1.8.0_291\bin;C:\Program Files\apache-maven-3.6.3\apache-maven-3.6.3\bin;C:\Program Files\PuTTY\;C:\Program Files\dotnet\;C:\Program Files (x86)\dotnet\;C:\Program Files\Docker\Docker\resources\bin;C:\ProgramData\DockerDesktop\version-bin;C:\Program Files\Git\cmd;C:\Program Files\Microsoft\Azure Functions Core Tools\;C:\Users\asvarsh.FAREAST\AppData\Local\Microsoft\WindowsApps;C:\Users\asvarsh.FAREAST\AppData\Local\Programs\Microsoft VS Code\bin;C:\Users\asvarsh.FAREAST\AppData\Roaming\npm;C:\Program Files\apache-maven-3.6.3\apache-maven-3.6.3\bin;C:\Users\asvarsh.FAREAST\.dotnet\tools;;.]. The errors reported were [Can't load library: C:\Users\asvarsh.FAREAST\Documents\Springboot-workspace\SpringBootLogs\bin\tcnative-1.dll, Can't load library: C:\Users\asvarsh.FAREAST\Documents\Springboot-workspace\SpringBootLogs\bin\libtcnative-1.dll, no tcnative-1 in java.library.path, no libtcnative-1 in java.library.path]

org.apache.tomcat.jni.LibraryNotFoundError: Can't load library: C:\Users\asvarsh.FAREAST\Documents\Springboot-workspace\SpringBootLogs\bin\tcnative-1.dll, Can't load library: C:\Users\asvarsh.FAREAST\Documents\Springboot-workspace\SpringBootLogs\bin\libtcnative-1.dll, no tcnative-1 in java.library.path, no libtcnative-1 in java.library.path
	at org.apache.tomcat.jni.Library.<init>(Library.java:101) ~[tomcat-embed-core-9.0.48.jar:9.0.48]
	at org.apache.tomcat.jni.Library.initialize(Library.java:211) ~[tomcat-embed-core-9.0.48.jar:9.0.48]
	at org.apache.catalina.core.AprLifecycleListener.init(AprLifecycleListener.java:192) [tomcat-embed-core-9.0.48.jar:9.0.48]
	at org.apache.catalina.core.AprLifecycleListener.isAprAvailable(AprLifecycleListener.java:101) [tomcat-embed-core-9.0.48.jar:9.0.48]
	at org.springframework.boot.web.embedded.tomcat.TomcatServletWebServerFactory.getDefaultLifecycleListeners(TomcatServletWebServerFactory.java:173) [spring-boot-2.5.2.jar:2.5.2]
	at org.springframework.boot.web.embedded.tomcat.TomcatServletWebServerFactory.<init>(TomcatServletWebServerFactory.java:120) [spring-boot-2.5.2.jar:2.5.2]
	at org.springframework.boot.autoconfigure.web.servlet.ServletWebServerFactoryConfiguration$EmbeddedTomcat.tomcatServletWebServerFactory(ServletWebServerFactoryConfiguration.java:76) [spring-boot-autoconfigure-2.5.2.jar:2.5.2]
	at sun.reflect.NativeMethodAccessorImpl.invoke0(Native Method) ~[na:1.8.0_291]
	at sun.reflect.NativeMethodAccessorImpl.invoke(NativeMethodAccessorImpl.java:62) ~[na:1.8.0_291]
	at sun.reflect.DelegatingMethodAccessorImpl.invoke(DelegatingMethodAccessorImpl.java:43) ~[na:1.8.0_291]
	at java.lang.reflect.Method.invoke(Method.java:498) ~[na:1.8.0_291]
	at org.springframework.beans.factory.support.SimpleInstantiationStrategy.instantiate(SimpleInstantiationStrategy.java:154) [spring-beans-5.3.8.jar:5.3.8]
	at org.springframework.beans.factory.support.ConstructorResolver.instantiate(ConstructorResolver.java:653) [spring-beans-5.3.8.jar:5.3.8]
	at org.springframework.beans.factory.support.ConstructorResolver.instantiateUsingFactoryMethod(ConstructorResolver.java:638) [spring-beans-5.3.8.jar:5.3.8]
	at org.springframework.beans.factory.support.AbstractAutowireCapableBeanFactory.instantiateUsingFactoryMethod(AbstractAutowireCapableBeanFactory.java:1334) [spring-beans-5.3.8.jar:5.3.8]
	at org.springframework.beans.factory.support.AbstractAutowireCapableBeanFactory.createBeanInstance(AbstractAutowireCapableBeanFactory.java:1177) [spring-beans-5.3.8.jar:5.3.8]
	at org.springframework.beans.factory.support.AbstractAutowireCapableBeanFactory.doCreateBean(AbstractAutowireCapableBeanFactory.java:564) [spring-beans-5.3.8.jar:5.3.8]
	at org.springframework.beans.factory.support.AbstractAutowireCapableBeanFactory.createBean(AbstractAutowireCapableBeanFactory.java:524) [spring-beans-5.3.8.jar:5.3.8]
	at org.springframework.beans.factory.support.AbstractBeanFactory.lambda$doGetBean$0(AbstractBeanFactory.java:335) [spring-beans-5.3.8.jar:5.3.8]
	at org.springframework.beans.factory.support.DefaultSingletonBeanRegistry.getSingleton(DefaultSingletonBeanRegistry.java:234) ~[spring-beans-5.3.8.jar:5.3.8]
	at org.springframework.beans.factory.support.AbstractBeanFactory.doGetBean(AbstractBeanFactory.java:333) [spring-beans-5.3.8.jar:5.3.8]
	at org.springframework.beans.factory.support.AbstractBeanFactory.getBean(AbstractBeanFactory.java:213) [spring-beans-5.3.8.jar:5.3.8]
	at org.springframework.boot.web.servlet.context.ServletWebServerApplicationContext.getWebServerFactory(ServletWebServerApplicationContext.java:217) ~[spring-boot-2.5.2.jar:2.5.2]
	at org.springframework.boot.web.servlet.context.ServletWebServerApplicationContext.createWebServer(ServletWebServerApplicationContext.java:180) ~[spring-boot-2.5.2.jar:2.5.2]
	at org.springframework.boot.web.servlet.context.ServletWebServerApplicationContext.onRefresh(ServletWebServerApplicationContext.java:160) ~[spring-boot-2.5.2.jar:2.5.2]
	at org.springframework.context.support.AbstractApplicationContext.refresh(AbstractApplicationContext.java:577) ~[spring-context-5.3.8.jar:5.3.8]
	at org.springframework.boot.web.servlet.context.ServletWebServerApplicationContext.refresh(ServletWebServerApplicationContext.java:145) ~[spring-boot-2.5.2.jar:2.5.2]
	at org.springframework.boot.SpringApplication.refresh(SpringApplication.java:754) ~[spring-boot-2.5.2.jar:2.5.2]
	at org.springframework.boot.SpringApplication.refreshContext(SpringApplication.java:434) ~[spring-boot-2.5.2.jar:2.5.2]
	at org.springframework.boot.SpringApplication.run(SpringApplication.java:338) ~[spring-boot-2.5.2.jar:2.5.2]
	at org.springframework.boot.SpringApplication.run(SpringApplication.java:1343) ~[spring-boot-2.5.2.jar:2.5.2]
	at org.springframework.boot.SpringApplication.run(SpringApplication.java:1332) ~[spring-boot-2.5.2.jar:2.5.2]
	at com.example.demo.SpringBootLogsApplication.main(SpringBootLogsApplication.java:13) ~[classes/:na]

2021-07-25 21:10:14.635 DEBUG 52044 --- [main] o.apache.tomcat.util.compat.Jre9Compat   : Class not found so assuming code is running on a pre-Java 9 JVM

java.lang.ClassNotFoundException: java.lang.reflect.InaccessibleObjectException
	at java.net.URLClassLoader.findClass(URLClassLoader.java:382) ~[na:1.8.0_291]
	at java.lang.ClassLoader.loadClass(ClassLoader.java:418) ~[na:1.8.0_291]
	at sun.misc.Launcher$AppClassLoader.loadClass(Launcher.java:355) ~[na:1.8.0_291]
	at java.lang.ClassLoader.loadClass(ClassLoader.java:351) ~[na:1.8.0_291]
	at java.lang.Class.forName0(Native Method) ~[na:1.8.0_291]
	at java.lang.Class.forName(Class.java:264) ~[na:1.8.0_291]
	at org.apache.tomcat.util.compat.Jre9Compat.<clinit>(Jre9Compat.java:83) ~[tomcat-embed-core-9.0.48.jar:9.0.48]
	at org.apache.tomcat.util.compat.JreCompat.<clinit>(JreCompat.java:70) [tomcat-embed-core-9.0.48.jar:9.0.48]
	at org.apache.catalina.startup.Tomcat.<clinit>(Tomcat.java:1303) [tomcat-embed-core-9.0.48.jar:9.0.48]
	at org.springframework.boot.web.embedded.tomcat.TomcatServletWebServerFactory.getWebServer(TomcatServletWebServerFactory.java:185) [spring-boot-2.5.2.jar:2.5.2]
	at org.springframework.boot.web.servlet.context.ServletWebServerApplicationContext.createWebServer(ServletWebServerApplicationContext.java:182) [spring-boot-2.5.2.jar:2.5.2]
	at org.springframework.boot.web.servlet.context.ServletWebServerApplicationContext.onRefresh(ServletWebServerApplicationContext.java:160) [spring-boot-2.5.2.jar:2.5.2]
	at org.springframework.context.support.AbstractApplicationContext.refresh(AbstractApplicationContext.java:577) [spring-context-5.3.8.jar:5.3.8]
	at org.springframework.boot.web.servlet.context.ServletWebServerApplicationContext.refresh(ServletWebServerApplicationContext.java:145) [spring-boot-2.5.2.jar:2.5.2]
	at org.springframework.boot.SpringApplication.refresh(SpringApplication.java:754) [spring-boot-2.5.2.jar:2.5.2]
	at org.springframework.boot.SpringApplication.refreshContext(SpringApplication.java:434) [spring-boot-2.5.2.jar:2.5.2]
	at org.springframework.boot.SpringApplication.run(SpringApplication.java:338) [spring-boot-2.5.2.jar:2.5.2]
	at org.springframework.boot.SpringApplication.run(SpringApplication.java:1343) [spring-boot-2.5.2.jar:2.5.2]
	at org.springframework.boot.SpringApplication.run(SpringApplication.java:1332) [spring-boot-2.5.2.jar:2.5.2]
	at com.example.demo.SpringBootLogsApplication.main(SpringBootLogsApplication.java:13) [classes/:na]

2021-07-25 21:10:14.637 DEBUG 52044 --- [main] o.apache.tomcat.util.compat.Jre16Compat  : Class not found so assuming code is running on a pre-Java 16 JVM

java.lang.ClassNotFoundException: java.net.UnixDomainSocketAddress
	at java.net.URLClassLoader.findClass(URLClassLoader.java:382) ~[na:1.8.0_291]
	at java.lang.ClassLoader.loadClass(ClassLoader.java:418) ~[na:1.8.0_291]
	at sun.misc.Launcher$AppClassLoader.loadClass(Launcher.java:355) ~[na:1.8.0_291]
	at java.lang.ClassLoader.loadClass(ClassLoader.java:351) ~[na:1.8.0_291]
	at java.lang.Class.forName0(Native Method) ~[na:1.8.0_291]
	at java.lang.Class.forName(Class.java:264) ~[na:1.8.0_291]
	at org.apache.tomcat.util.compat.Jre16Compat.<clinit>(Jre16Compat.java:47) ~[tomcat-embed-core-9.0.48.jar:9.0.48]
	at org.apache.tomcat.util.compat.JreCompat.<clinit>(JreCompat.java:70) [tomcat-embed-core-9.0.48.jar:9.0.48]
	at org.apache.catalina.startup.Tomcat.<clinit>(Tomcat.java:1303) [tomcat-embed-core-9.0.48.jar:9.0.48]
	at org.springframework.boot.web.embedded.tomcat.TomcatServletWebServerFactory.getWebServer(TomcatServletWebServerFactory.java:185) [spring-boot-2.5.2.jar:2.5.2]
	at org.springframework.boot.web.servlet.context.ServletWebServerApplicationContext.createWebServer(ServletWebServerApplicationContext.java:182) [spring-boot-2.5.2.jar:2.5.2]
	at org.springframework.boot.web.servlet.context.ServletWebServerApplicationContext.onRefresh(ServletWebServerApplicationContext.java:160) [spring-boot-2.5.2.jar:2.5.2]
	at org.springframework.context.support.AbstractApplicationContext.refresh(AbstractApplicationContext.java:577) [spring-context-5.3.8.jar:5.3.8]
	at org.springframework.boot.web.servlet.context.ServletWebServerApplicationContext.refresh(ServletWebServerApplicationContext.java:145) [spring-boot-2.5.2.jar:2.5.2]
	at org.springframework.boot.SpringApplication.refresh(SpringApplication.java:754) [spring-boot-2.5.2.jar:2.5.2]
	at org.springframework.boot.SpringApplication.refreshContext(SpringApplication.java:434) [spring-boot-2.5.2.jar:2.5.2]
	at org.springframework.boot.SpringApplication.run(SpringApplication.java:338) [spring-boot-2.5.2.jar:2.5.2]
	at org.springframework.boot.SpringApplication.run(SpringApplication.java:1343) [spring-boot-2.5.2.jar:2.5.2]
	at org.springframework.boot.SpringApplication.run(SpringApplication.java:1332) [spring-boot-2.5.2.jar:2.5.2]
	at com.example.demo.SpringBootLogsApplication.main(SpringBootLogsApplication.java:13) [classes/:na]

2021-07-25 21:10:14.946 DEBUG 52044 --- [main] o.apache.tomcat.util.IntrospectionUtils  : IntrospectionUtils: setProperty(class org.apache.coyote.http11.Http11NioProtocol port=8080)
2021-07-25 21:10:14.954 DEBUG 52044 --- [main] o.apache.tomcat.util.IntrospectionUtils  : IntrospectionUtils: setProperty(class org.apache.coyote.http11.Http11NioProtocol bindOnInit=false)
2021-07-25 21:10:14.955 DEBUG 52044 --- [main] o.apache.tomcat.util.IntrospectionUtils  : IntrospectionUtils: setProperty(class org.apache.tomcat.util.net.NioEndpoint bindOnInit=false)
2021-07-25 21:10:14.957 DEBUG 52044 --- [main] o.apache.tomcat.util.IntrospectionUtils  : IntrospectionUtils: setProperty(class org.apache.coyote.http11.Http11NioProtocol maxPostSize=2097152)
2021-07-25 21:10:14.957 DEBUG 52044 --- [main] o.apache.tomcat.util.IntrospectionUtils  : IntrospectionUtils: setProperty(class org.apache.tomcat.util.net.NioEndpoint maxPostSize=2097152)
2021-07-25 21:10:14.964 DEBUG 52044 --- [main] org.apache.catalina.core.ContainerBase   : Add child StandardHost[localhost] StandardEngine[Tomcat]
2021-07-25 21:10:14.979 DEBUG 52044 --- [main] org.apache.catalina.core.ContainerBase   : Add child TomcatEmbeddedContext[] StandardEngine[Tomcat].StandardHost[localhost]
2021-07-25 21:10:14.982  INFO 52044 --- [main] o.s.b.w.embedded.tomcat.TomcatWebServer  : Tomcat initialized with port(s): 8080 (http)
2021-07-25 21:10:14.988 DEBUG 52044 --- [main] o.apache.tomcat.util.IntrospectionUtils  : IntrospectionUtils: setProperty(class org.apache.coyote.http11.Http11NioProtocol parseBodyMethods=POST)
2021-07-25 21:10:14.989 DEBUG 52044 --- [main] o.apache.tomcat.util.IntrospectionUtils  : IntrospectionUtils: setProperty(class org.apache.tomcat.util.net.NioEndpoint parseBodyMethods=POST)
2021-07-25 21:10:14.989  INFO 52044 --- [main] o.apache.catalina.core.StandardService   : Starting service [Tomcat]
2021-07-25 21:10:14.990  INFO 52044 --- [main] org.apache.catalina.core.StandardEngine  : Starting Servlet engine: [Apache Tomcat/9.0.48]
2021-07-25 21:10:14.993 DEBUG 52044 --- [main] o.apache.catalina.core.StandardContext   : Starting ROOT
2021-07-25 21:10:14.999 DEBUG 52044 --- [main] o.apache.catalina.core.StandardContext   : Configuring default Resources
2021-07-25 21:10:15.035 DEBUG 52044 --- [main] o.apache.catalina.core.StandardContext   : Processing standard container startup
2021-07-25 21:10:15.036 DEBUG 52044 --- [main] org.apache.catalina.loader.WebappLoader  : Starting this Loader
2021-07-25 21:10:15.049 DEBUG 52044 --- [main] o.a.c.authenticator.AuthenticatorBase    : No SingleSignOn Valve is present
2021-07-25 21:10:15.050 DEBUG 52044 --- [main] o.apache.catalina.core.StandardContext   : No manager found. Checking if cluster manager should be used. Cluster configured: [false], Application distributable: [false]
2021-07-25 21:10:15.052 DEBUG 52044 --- [main] o.apache.catalina.core.StandardContext   : Configured a manager of class [org.apache.catalina.session.StandardManager]
2021-07-25 21:10:15.059  INFO 52044 --- [main] o.a.c.c.C.[Tomcat].[localhost].[/]       : Initializing Spring embedded WebApplicationContext
2021-07-25 21:10:15.060  INFO 52044 --- [main] w.s.c.ServletWebServerApplicationContext : Root WebApplicationContext: initialization completed in 1015 ms
2021-07-25 21:10:15.071 DEBUG 52044 --- [main] org.apache.catalina.core.ContainerBase   : Add child StandardWrapper[dispatcherServlet] StandardEngine[Tomcat].StandardHost[localhost].TomcatEmbeddedContext[]
2021-07-25 21:10:15.082 DEBUG 52044 --- [main] o.apache.catalina.core.StandardContext   : Configuring application event listeners
2021-07-25 21:10:15.082 DEBUG 52044 --- [main] o.a.c.c.C.[Tomcat].[localhost].[/]       : Sending application start events
2021-07-25 21:10:15.084 DEBUG 52044 --- [main] o.a.catalina.session.StandardManager     : Start: Loading persisted sessions
2021-07-25 21:10:15.084 DEBUG 52044 --- [main] o.a.catalina.session.StandardManager     : Loading persisted sessions from [SESSIONS.ser]
2021-07-25 21:10:15.084 DEBUG 52044 --- [main] o.a.catalina.session.StandardManager     : No persisted data file found
2021-07-25 21:10:15.085 DEBUG 52044 --- [main] o.a.c.c.C.[Tomcat].[localhost].[/]       : Starting filters
2021-07-25 21:10:15.085 DEBUG 52044 --- [main] o.a.c.c.C.[Tomcat].[localhost].[/]       :  Starting filter 'requestContextFilter'
2021-07-25 21:10:15.087 DEBUG 52044 --- [main] o.a.c.c.C.[Tomcat].[localhost].[/]       :  Starting filter 'Tomcat WebSocket (JSR356) Filter'
2021-07-25 21:10:15.093 DEBUG 52044 --- [main] o.a.c.c.C.[Tomcat].[localhost].[/]       :  Starting filter 'characterEncodingFilter'
2021-07-25 21:10:15.093 DEBUG 52044 --- [main] o.a.c.c.C.[Tomcat].[localhost].[/]       :  Starting filter 'formContentFilter'
2021-07-25 21:10:15.094 DEBUG 52044 --- [main] o.apache.catalina.core.StandardContext   : Starting completed
2021-07-25 21:10:15.096 DEBUG 52044 --- [main] org.apache.catalina.mapper.Mapper        : Registered host [localhost]
2021-07-25 21:10:15.097 DEBUG 52044 --- [main] o.apache.catalina.mapper.MapperListener  : Register Wrapper [dispatcherServlet] in Context [] for service [StandardService[Tomcat]]
2021-07-25 21:10:15.098 DEBUG 52044 --- [main] o.apache.catalina.mapper.MapperListener  : Register Context [] for service [StandardService[Tomcat]]
2021-07-25 21:10:15.098 DEBUG 52044 --- [main] o.apache.catalina.mapper.MapperListener  : Register host [localhost] at domain [null] for service [StandardService[Tomcat]]
2021-07-25 21:10:15.307 DEBUG 52044 --- [http-nio-8080-Acceptor] o.apache.tomcat.util.threads.LimitLatch  : Counting up[http-nio-8080-Acceptor] latch=0
2021-07-25 21:10:15.309  INFO 52044 --- [main] o.s.b.w.embedded.tomcat.TomcatWebServer  : Tomcat started on port(s): 8080 (http) with context path ''
2021-07-25 21:10:15.317  INFO 52044 --- [main] c.e.demo.SpringBootLogsApplication       : Started SpringBootLogsApplication in 1.644 seconds (JVM running for 1.957)
